[0408/223238.268:INFO:CONSOLE(92)] "speechSynthesis.speak() without user activation is no longer allowed since M71, around December 2018. See https://www.chromestatus.com/feature/5687444770914304 for more details", source: https://localhost:44388/WebSpeeches/Recognition (92)
[0408/223238.996:INFO:CONSOLE(322)] "No mic for you!", source: https://localhost:44388/WebSpeeches/Recognition (322)
[0408/223319.154:INFO:CONSOLE(92)] "speechSynthesis.speak() without user activation is no longer allowed since M71, around December 2018. See https://www.chromestatus.com/feature/5687444770914304 for more details", source: https://localhost:44388/WebSpeeches/Recognition (92)
[0408/223320.291:INFO:CONSOLE(322)] "No mic for you!", source: https://localhost:44388/WebSpeeches/Recognition (322)
[0408/223418.856:INFO:CONSOLE(1)] "Uncaught SyntaxError: Unexpected end of JSON input", source: https://localhost:44388/WebSpeeches/Recognition?_phrase=alza%20il%20volume&_hostSelected=EV-PC (1)
[0408/223515.757:INFO:CONSOLE(386)] "No mic for you!", source: https://localhost:44388/WebSpeeches/Recognition (386)
[0408/223834.265:INFO:CONSOLE(92)] "speechSynthesis.speak() without user activation is no longer allowed since M71, around December 2018. See https://www.chromestatus.com/feature/5687444770914304 for more details", source: https://localhost:44388/WebSpeeches/Recognition (92)
[0408/223835.073:INFO:CONSOLE(319)] "You let me use your mic!", source: https://localhost:44388/WebSpeeches/Recognition (319)
[0408/223917.995:INFO:CONSOLE(383)] "You let me use your mic!", source: https://localhost:44388/WebSpeeches/Recognition (383)
[0408/224924.643:INFO:CONSOLE(92)] "speechSynthesis.speak() without user activation is no longer allowed since M71, around December 2018. See https://www.chromestatus.com/feature/5687444770914304 for more details", source: https://localhost:44388/WebSpeeches/Recognition (92)
[0408/224925.707:INFO:CONSOLE(319)] "You let me use your mic!", source: https://localhost:44388/WebSpeeches/Recognition (319)
[0408/225000.967:INFO:CONSOLE(1)] "Uncaught SyntaxError: Unexpected end of JSON input", source: https://localhost:44388/WebSpeeches/Recognition?_phrase=alza%20il%20volume&_hostSelected=EV-PC (1)
[0408/225036.750:INFO:CONSOLE(383)] "You let me use your mic!", source: https://localhost:44388/WebSpeeches/Recognition (383)
[0408/225104.797:INFO:CONSOLE(383)] "You let me use your mic!", source: https://localhost:44388/WebSpeeches/Recognition?_phrase=alza%20il%20volume&_hostSelected=EV-PC (383)
[0410/225008.099:INFO:CONSOLE(92)] "speechSynthesis.speak() without user activation is no longer allowed since M71, around December 2018. See https://www.chromestatus.com/feature/5687444770914304 for more details", source: https://localhost:44388/WebSpeeches/Recognition (92)
[0410/225009.100:INFO:CONSOLE(319)] "You let me use your mic!", source: https://localhost:44388/WebSpeeches/Recognition (319)
[0410/225601.800:INFO:CONSOLE(92)] "speechSynthesis.speak() without user activation is no longer allowed since M71, around December 2018. See https://www.chromestatus.com/feature/5687444770914304 for more details", source: https://localhost:44388/WebSpeeches/Recognition (92)
[0410/225602.484:INFO:CONSOLE(319)] "You let me use your mic!", source: https://localhost:44388/WebSpeeches/Recognition (319)
[0410/225653.357:INFO:CONSOLE(1)] "Uncaught SyntaxError: Unexpected end of JSON input", source: https://localhost:44388/WebSpeeches/Recognition?_phrase=alza%20il%20volume&_hostSelected=EV-PC (1)
[0410/230651.046:INFO:CONSOLE(92)] "speechSynthesis.speak() without user activation is no longer allowed since M71, around December 2018. See https://www.chromestatus.com/feature/5687444770914304 for more details", source: https://localhost:44388/WebSpeeches/Recognition (92)
[0410/230651.968:INFO:CONSOLE(319)] "You let me use your mic!", source: https://localhost:44388/WebSpeeches/Recognition (319)
[0410/231328.357:INFO:CONSOLE(92)] "speechSynthesis.speak() without user activation is no longer allowed since M71, around December 2018. See https://www.chromestatus.com/feature/5687444770914304 for more details", source: https://localhost:44388/WebSpeeches/Recognition (92)
[0410/231329.135:INFO:CONSOLE(319)] "You let me use your mic!", source: https://localhost:44388/WebSpeeches/Recognition (319)
[0410/231500.771:INFO:CONSOLE(92)] "speechSynthesis.speak() without user activation is no longer allowed since M71, around December 2018. See https://www.chromestatus.com/feature/5687444770914304 for more details", source: https://localhost:44388/WebSpeeches/Recognition (92)
[0410/231501.451:INFO:CONSOLE(319)] "You let me use your mic!", source: https://localhost:44388/WebSpeeches/Recognition (319)
[0410/232101.292:INFO:CONSOLE(92)] "speechSynthesis.speak() without user activation is no longer allowed since M71, around December 2018. See https://www.chromestatus.com/feature/5687444770914304 for more details", source: https://localhost:44388/WebSpeeches/Recognition (92)
[0410/232102.164:INFO:CONSOLE(319)] "You let me use your mic!", source: https://localhost:44388/WebSpeeches/Recognition (319)
[0410/232713.945:INFO:CONSOLE(92)] "speechSynthesis.speak() without user activation is no longer allowed since M71, around December 2018. See https://www.chromestatus.com/feature/5687444770914304 for more details", source: https://localhost:44388/WebSpeeches/Recognition (92)
[0410/232714.630:INFO:CONSOLE(319)] "You let me use your mic!", source: https://localhost:44388/WebSpeeches/Recognition (319)
[0410/232942.578:INFO:CONSOLE(92)] "speechSynthesis.speak() without user activation is no longer allowed since M71, around December 2018. See https://www.chromestatus.com/feature/5687444770914304 for more details", source: https://localhost:44388/WebSpeeches/Recognition (92)
[0410/232943.502:INFO:CONSOLE(316)] "You let me use your mic!", source: https://localhost:44388/WebSpeeches/Recognition (316)
[0410/233616.055:INFO:CONSOLE(92)] "speechSynthesis.speak() without user activation is no longer allowed since M71, around December 2018. See https://www.chromestatus.com/feature/5687444770914304 for more details", source: https://localhost:44388/WebSpeeches/Recognition (92)
[0410/233617.075:INFO:CONSOLE(316)] "You let me use your mic!", source: https://localhost:44388/WebSpeeches/Recognition (316)
[0410/233948.202:INFO:CONSOLE(92)] "speechSynthesis.speak() without user activation is no longer allowed since M71, around December 2018. See https://www.chromestatus.com/feature/5687444770914304 for more details", source: https://localhost:44388/WebSpeeches/Recognition (92)
[0410/233954.835:INFO:CONSOLE(318)] "You let me use your mic!", source: https://localhost:44388/WebSpeeches/Recognition (318)
[0411/001218.044:ERROR:ssl_client_socket_impl.cc(924)] handshake failed; returned -1, SSL error code 1, net_error -202
[0411/001314.719:ERROR:ssl_client_socket_impl.cc(924)] handshake failed; returned -1, SSL error code 1, net_error -202
[0411/001900.383:ERROR:ssl_client_socket_impl.cc(924)] handshake failed; returned -1, SSL error code 1, net_error -202
[0411/002209.174:ERROR:ssl_client_socket_impl.cc(924)] handshake failed; returned -1, SSL error code 1, net_error -202
[0411/002229.965:ERROR:ssl_client_socket_impl.cc(924)] handshake failed; returned -1, SSL error code 1, net_error -202
[0411/002346.229:ERROR:ssl_client_socket_impl.cc(924)] handshake failed; returned -1, SSL error code 1, net_error -202
[0411/002450.353:INFO:CONSOLE(92)] "speechSynthesis.speak() without user activation is no longer allowed since M71, around December 2018. See https://www.chromestatus.com/feature/5687444770914304 for more details", source: https://192.168.1.105:83/WebSpeeches/Recognition (92)
[0411/002450.986:INFO:CONSOLE(316)] "You let me use your mic!", source: https://192.168.1.105:83/WebSpeeches/Recognition (316)
[0411/202303.548:INFO:CONSOLE(92)] "speechSynthesis.speak() without user activation is no longer allowed since M71, around December 2018. See https://www.chromestatus.com/feature/5687444770914304 for more details", source: https://localhost:44388/WebSpeeches/Recognition (92)
[0411/202406.658:INFO:CONSOLE(92)] "speechSynthesis.speak() without user activation is no longer allowed since M71, around December 2018. See https://www.chromestatus.com/feature/5687444770914304 for more details", source: https://localhost:44388/WebSpeeches/Recognition (92)
[0411/202546.592:INFO:CONSOLE(92)] "speechSynthesis.speak() without user activation is no longer allowed since M71, around December 2018. See https://www.chromestatus.com/feature/5687444770914304 for more details", source: https://localhost:44388/WebSpeeches/Recognition (92)
[0411/203040.082:INFO:CONSOLE(92)] "speechSynthesis.speak() without user activation is no longer allowed since M71, around December 2018. See https://www.chromestatus.com/feature/5687444770914304 for more details", source: https://localhost:44388/WebSpeeches/Recognition (92)
[0411/203338.887:INFO:CONSOLE(92)] "speechSynthesis.speak() without user activation is no longer allowed since M71, around December 2018. See https://www.chromestatus.com/feature/5687444770914304 for more details", source: https://localhost:44388/WebSpeeches/Recognition (92)
[0411/203339.646:INFO:CONSOLE(321)] "You let me use your mic!", source: https://localhost:44388/WebSpeeches/Recognition (321)
[0411/204257.845:INFO:CONSOLE(1)] "Unrecognized feature: 'display-capture'.", source: https://jsfiddle.net/js/_dist-editor.js?054220fa639b574b69abc3a4ebd3d225289ab70c (1)
[0411/204320.699:INFO:CONSOLE(1)] "Unrecognized feature: 'display-capture'.", source: https://jsfiddle.net/js/_dist-editor.js?24966696946b6f6008cd119cf29ec6ee1c155ee2 (1)
[0411/205113.001:INFO:CONSOLE(92)] "speechSynthesis.speak() without user activation is no longer allowed since M71, around December 2018. See https://www.chromestatus.com/feature/5687444770914304 for more details", source: https://localhost:44388/WebSpeeches/Recognition (92)
[0411/205155.294:INFO:CONSOLE(92)] "speechSynthesis.speak() without user activation is no longer allowed since M71, around December 2018. See https://www.chromestatus.com/feature/5687444770914304 for more details", source: https://localhost:44388/WebSpeeches/Recognition (92)
[0411/210505.822:INFO:CONSOLE(92)] "speechSynthesis.speak() without user activation is no longer allowed since M71, around December 2018. See https://www.chromestatus.com/feature/5687444770914304 for more details", source: https://localhost:44388/WebSpeeches/Recognition (92)
[0411/221152.690:INFO:CONSOLE(830)] "[Report Only] Refused to execute inline event handler because it violates the following Content Security Policy directive: "script-src 'nonce-Jqiu0n-WH2Yw0vIrGvHSbg' 'report-sample' 'strict-dynamic' 'unsafe-eval' 'unsafe-inline' http: https:". Note that 'unsafe-inline' is ignored if either a hash or nonce value is present in the source list.
", source:  (830)
[0411/221154.732:INFO:CONSOLE(133)] "[Report Only] Refused to execute inline event handler because it violates the following Content Security Policy directive: "script-src 'nonce-Jqiu0n-WH2Yw0vIrGvHSbg' 'report-sample' 'strict-dynamic' 'unsafe-eval' 'unsafe-inline' http: https:". Note that 'unsafe-inline' is ignored if either a hash or nonce value is present in the source list.
", source: https://www.google.com/intl/it/chrome/demos/speech.html (133)
[0411/221158.517:INFO:CONSOLE(463)] "Uncaught InvalidStateError: Failed to execute 'start' on 'SpeechRecognition': recognition has already started.", source: https://www.google.com/intl/it/chrome/demos/speech.html (463)
[0411/221159.080:INFO:CONSOLE(463)] "Uncaught InvalidStateError: Failed to execute 'start' on 'SpeechRecognition': recognition has already started.", source: https://www.google.com/intl/it/chrome/demos/speech.html (463)
[0411/221201.059:INFO:CONSOLE(463)] "Uncaught InvalidStateError: Failed to execute 'start' on 'SpeechRecognition': recognition has already started.", source: https://www.google.com/intl/it/chrome/demos/speech.html (463)
[0411/221203.434:INFO:CONSOLE(463)] "Uncaught InvalidStateError: Failed to execute 'start' on 'SpeechRecognition': recognition has already started.", source: https://www.google.com/intl/it/chrome/demos/speech.html (463)
[0411/221207.374:INFO:CONSOLE(463)] "Uncaught InvalidStateError: Failed to execute 'start' on 'SpeechRecognition': recognition has already started.", source: https://www.google.com/intl/it/chrome/demos/speech.html (463)
[0411/221207.620:INFO:CONSOLE(463)] "Uncaught InvalidStateError: Failed to execute 'start' on 'SpeechRecognition': recognition has already started.", source: https://www.google.com/intl/it/chrome/demos/speech.html (463)
[0411/221207.918:INFO:CONSOLE(463)] "Uncaught InvalidStateError: Failed to execute 'start' on 'SpeechRecognition': recognition has already started.", source: https://www.google.com/intl/it/chrome/demos/speech.html (463)
[0411/221239.998:INFO:CONSOLE(463)] "Uncaught InvalidStateError: Failed to execute 'start' on 'SpeechRecognition': recognition has already started.", source: https://www.google.com/intl/it/chrome/demos/speech.html (463)
[0411/221240.474:INFO:CONSOLE(463)] "Uncaught InvalidStateError: Failed to execute 'start' on 'SpeechRecognition': recognition has already started.", source: https://www.google.com/intl/it/chrome/demos/speech.html (463)
[0411/221241.166:INFO:CONSOLE(463)] "Uncaught InvalidStateError: Failed to execute 'start' on 'SpeechRecognition': recognition has already started.", source: https://www.google.com/intl/it/chrome/demos/speech.html (463)
[0411/221245.599:INFO:CONSOLE(463)] "Uncaught InvalidStateError: Failed to execute 'start' on 'SpeechRecognition': recognition has already started.", source: https://www.google.com/intl/it/chrome/demos/speech.html (463)
[0411/221246.283:INFO:CONSOLE(463)] "Uncaught InvalidStateError: Failed to execute 'start' on 'SpeechRecognition': recognition has already started.", source: https://www.google.com/intl/it/chrome/demos/speech.html (463)
[0412/210041.607:INFO:CONSOLE(830)] "[Report Only] Refused to execute inline event handler because it violates the following Content Security Policy directive: "script-src 'nonce-XXGT3KvwNSm7yeNHRrgTug' 'report-sample' 'strict-dynamic' 'unsafe-eval' 'unsafe-inline' http: https:". Note that 'unsafe-inline' is ignored if either a hash or nonce value is present in the source list.
", source:  (830)
[0412/210043.659:INFO:CONSOLE(133)] "[Report Only] Refused to execute inline event handler because it violates the following Content Security Policy directive: "script-src 'nonce-XXGT3KvwNSm7yeNHRrgTug' 'report-sample' 'strict-dynamic' 'unsafe-eval' 'unsafe-inline' http: https:". Note that 'unsafe-inline' is ignored if either a hash or nonce value is present in the source list.
", source: https://www.google.com/intl/it/chrome/demos/speech.html (133)
[0412/210046.904:INFO:CONSOLE(463)] "Uncaught InvalidStateError: Failed to execute 'start' on 'SpeechRecognition': recognition has already started.", source: https://www.google.com/intl/it/chrome/demos/speech.html (463)
[0412/210048.787:INFO:CONSOLE(463)] "Uncaught InvalidStateError: Failed to execute 'start' on 'SpeechRecognition': recognition has already started.", source: https://www.google.com/intl/it/chrome/demos/speech.html (463)
[0412/210053.425:INFO:CONSOLE(463)] "Uncaught InvalidStateError: Failed to execute 'start' on 'SpeechRecognition': recognition has already started.", source: https://www.google.com/intl/it/chrome/demos/speech.html (463)
[0412/210053.848:INFO:CONSOLE(463)] "Uncaught InvalidStateError: Failed to execute 'start' on 'SpeechRecognition': recognition has already started.", source: https://www.google.com/intl/it/chrome/demos/speech.html (463)
[0412/210054.179:INFO:CONSOLE(463)] "Uncaught InvalidStateError: Failed to execute 'start' on 'SpeechRecognition': recognition has already started.", source: https://www.google.com/intl/it/chrome/demos/speech.html (463)
[0412/210054.385:INFO:CONSOLE(463)] "Uncaught InvalidStateError: Failed to execute 'start' on 'SpeechRecognition': recognition has already started.", source: https://www.google.com/intl/it/chrome/demos/speech.html (463)
[0412/210109.196:INFO:CONSOLE(830)] "[Report Only] Refused to execute inline event handler because it violates the following Content Security Policy directive: "script-src 'nonce-bPL42CzjBCUDF8EHPzxCkw' 'report-sample' 'strict-dynamic' 'unsafe-eval' 'unsafe-inline' http: https:". Note that 'unsafe-inline' is ignored if either a hash or nonce value is present in the source list.
", source:  (830)
[0412/210114.361:INFO:CONSOLE(133)] "[Report Only] Refused to execute inline event handler because it violates the following Content Security Policy directive: "script-src 'nonce-bPL42CzjBCUDF8EHPzxCkw' 'report-sample' 'strict-dynamic' 'unsafe-eval' 'unsafe-inline' http: https:". Note that 'unsafe-inline' is ignored if either a hash or nonce value is present in the source list.
", source: https://www.google.com/intl/it/chrome/demos/speech.html (133)
[0412/213043.738:INFO:CONSOLE(508)] "Uncaught InvalidStateError: Failed to execute 'start' on 'SpeechRecognition': recognition has already started.", source: https://localhost:44388/WebSpeeches/Recognition (508)
[0412/213046.438:INFO:CONSOLE(508)] "Uncaught InvalidStateError: Failed to execute 'start' on 'SpeechRecognition': recognition has already started.", source: https://localhost:44388/WebSpeeches/Recognition (508)
[0412/213511.253:INFO:CONSOLE(508)] "Uncaught InvalidStateError: Failed to execute 'start' on 'SpeechRecognition': recognition has already started.", source: https://localhost:44388/WebSpeeches/Recognition (508)
[0412/213514.131:INFO:CONSOLE(508)] "Uncaught InvalidStateError: Failed to execute 'start' on 'SpeechRecognition': recognition has already started.", source: https://localhost:44388/WebSpeeches/Recognition (508)
[0412/213514.560:INFO:CONSOLE(508)] "Uncaught InvalidStateError: Failed to execute 'start' on 'SpeechRecognition': recognition has already started.", source: https://localhost:44388/WebSpeeches/Recognition (508)
[0412/213514.750:INFO:CONSOLE(508)] "Uncaught InvalidStateError: Failed to execute 'start' on 'SpeechRecognition': recognition has already started.", source: https://localhost:44388/WebSpeeches/Recognition (508)
[0412/213514.967:INFO:CONSOLE(508)] "Uncaught InvalidStateError: Failed to execute 'start' on 'SpeechRecognition': recognition has already started.", source: https://localhost:44388/WebSpeeches/Recognition (508)
[0412/213515.105:INFO:CONSOLE(508)] "Uncaught InvalidStateError: Failed to execute 'start' on 'SpeechRecognition': recognition has already started.", source: https://localhost:44388/WebSpeeches/Recognition (508)
[0412/214041.733:INFO:CONSOLE(516)] "Uncaught InvalidStateError: Failed to execute 'start' on 'SpeechRecognition': recognition has already started.", source: https://localhost:44388/WebSpeeches/Recognition (516)
[0412/214045.347:INFO:CONSOLE(516)] "Uncaught InvalidStateError: Failed to execute 'start' on 'SpeechRecognition': recognition has already started.", source: https://localhost:44388/WebSpeeches/Recognition (516)
[0412/214536.036:INFO:CONSOLE(520)] "You let me use your mic!", source: https://localhost:44388/WebSpeeches/Recognition (520)
[0412/214606.305:INFO:CONSOLE(526)] "Uncaught InvalidStateError: Failed to execute 'start' on 'SpeechRecognition': recognition has already started.", source: https://localhost:44388/WebSpeeches/Recognition (526)
[0412/214606.355:INFO:CONSOLE(520)] "You let me use your mic!", source: https://localhost:44388/WebSpeeches/Recognition (520)
[0412/214609.467:INFO:CONSOLE(526)] "Uncaught InvalidStateError: Failed to execute 'start' on 'SpeechRecognition': recognition has already started.", source: https://localhost:44388/WebSpeeches/Recognition (526)
[0412/214609.512:INFO:CONSOLE(520)] "You let me use your mic!", source: https://localhost:44388/WebSpeeches/Recognition (520)
[0412/214612.223:INFO:CONSOLE(526)] "Uncaught InvalidStateError: Failed to execute 'start' on 'SpeechRecognition': recognition has already started.", source: https://localhost:44388/WebSpeeches/Recognition (526)
[0412/214612.267:INFO:CONSOLE(520)] "You let me use your mic!", source: https://localhost:44388/WebSpeeches/Recognition (520)
[0412/214615.653:INFO:CONSOLE(526)] "Uncaught InvalidStateError: Failed to execute 'start' on 'SpeechRecognition': recognition has already started.", source: https://localhost:44388/WebSpeeches/Recognition (526)
[0412/214615.687:INFO:CONSOLE(520)] "You let me use your mic!", source: https://localhost:44388/WebSpeeches/Recognition (520)
[0412/220638.779:INFO:CONSOLE(520)] "You let me use your mic!", source: https://localhost:44388/WebSpeeches/Recognition (520)
[0413/220253.906:INFO:CONSOLE(198)] "speechSynthesis.speak() without user activation is no longer allowed since M71, around December 2018. See https://www.chromestatus.com/feature/5687444770914304 for more details", source: https://localhost:44388/WebSpeeches/Recognition (198)
[0413/220254.679:INFO:CONSOLE(318)] "You let me use your mic!", source: https://localhost:44388/WebSpeeches/Recognition (318)
[0413/220326.602:INFO:CONSOLE(382)] "You let me use your mic!", source: https://localhost:44388/WebSpeeches/Recognition (382)
[0413/220330.986:WARNING:input_sync_writer.cc(367)] AISW: No room in socket buffer.: È in corso la chiusura della pipe. (0xE8)
[0413/220505.166:INFO:CONSOLE(382)] "You let me use your mic!", source: https://localhost:44388/WebSpeeches/Recognition?_phrase=alza%20il%20volume&_hostSelected=EV-PC (382)
[0413/220521.917:INFO:CONSOLE(382)] "You let me use your mic!", source: https://localhost:44388/WebSpeeches/Recognition?_phrase=alza%20il%20volume&_hostSelected=EV-PC (382)
[0413/220954.242:INFO:CONSOLE(198)] "speechSynthesis.speak() without user activation is no longer allowed since M71, around December 2018. See https://www.chromestatus.com/feature/5687444770914304 for more details", source: https://localhost:44388/WebSpeeches/Recognition (198)
[0413/220955.001:INFO:CONSOLE(318)] "You let me use your mic!", source: https://localhost:44388/WebSpeeches/Recognition (318)
[0413/221012.375:INFO:CONSOLE(198)] "speechSynthesis.speak() without user activation is no longer allowed since M71, around December 2018. See https://www.chromestatus.com/feature/5687444770914304 for more details", source: https://localhost:44388/WebSpeeches/Recognition (198)
[0413/221013.200:INFO:CONSOLE(318)] "You let me use your mic!", source: https://localhost:44388/WebSpeeches/Recognition (318)
